datacfg:cfg/coco.data
Start prediction...
network_predict.
forward_network.
predicting: layer NO. 0.
c[0]:-0.447441;
c[1]:-0.408448;
c[2]:-0.406067;
c[3]:-0.389177;
c[4]:-0.385870;
c[5]:-0.391976;
c[6]:-0.389467;
c[7]:-0.390739;
c[8]:-0.401154;
c[9]:-0.411860;
c[10]:-0.406003;
c[11]:-0.398089;
c[12]:-0.403915;
c[13]:-0.419679;
c[14]:-0.419480;
c[15]:-0.418010;
c[16]:-0.423337;
c[17]:-0.398045;
c[18]:-0.421386;
c[19]:-0.665197;
c[20]:-0.943616;
c[21]:-1.047848;
c[22]:-0.977657;
c[23]:-0.857462;
c[24]:-0.890832;
c[25]:-0.925908;
c[26]:-1.013641;
c[27]:-1.128685;
c[28]:-1.102634;
c[29]:-1.131161;
c[30]:-1.149179;
c[31]:-0.989670;
c[32]:-0.974866;
c[33]:-1.087718;
c[34]:-0.943404;
c[35]:-0.957762;
c[36]:-1.132880;
c[37]:-0.945544;
c[38]:-0.798143;
c[39]:-0.927440;
c[40]:-0.882558;
c[41]:-0.775615;
c[42]:-0.706357;
c[43]:-0.856687;
c[44]:-0.839065;
c[45]:-0.937216;
c[46]:-0.958409;
c[47]:-0.901902;
c[48]:-0.952705;
c[49]:-0.915358;
c[50]:-0.855793;
c[51]:-0.875389;
c[52]:-0.964640;
c[53]:-0.973055;
c[54]:-1.098343;
c[55]:-1.086105;
c[56]:-0.670999;
c[57]:-0.539946;
c[58]:-0.786465;
c[59]:-0.987776;
c[60]:-0.939841;
c[61]:-1.126715;
c[62]:-1.361648;
c[63]:-1.252182;
c[64]:-1.161675;
c[65]:-1.048015;
c[66]:-1.087327;
c[67]:-1.222712;
c[68]:-1.151919;
c[69]:-1.080291;
c[70]:-1.022684;
c[71]:-0.939569;
c[72]:-0.870652;
c[73]:-0.803618;
c[74]:-0.772235;
c[75]:-0.801807;
c[76]:-0.887437;
c[77]:-1.081801;
c[78]:-1.298326;
c[79]:-1.182094;
c[80]:-1.042548;
c[81]:-1.035001;
c[82]:-1.031470;
c[83]:-1.149766;
c[84]:-1.084925;
c[85]:-1.049249;
c[86]:-1.057160;
c[87]:-0.968298;
c[88]:-1.015340;
c[89]:-1.162180;
c[90]:-1.105852;
c[91]:-0.955391;
c[92]:-0.980578;
c[93]:-1.232232;
c[94]:-1.359477;
c[95]:-1.254610;
c[96]:-1.071661;
c[97]:-0.995528;
c[98]:-1.207667;
c[99]:-1.152826;
c[100]:-1.302854;
c[101]:-1.552474;
c[102]:-1.436103;
c[103]:-1.415416;
c[104]:-1.384672;
c[105]:-1.269455;
c[106]:-1.224420;
c[107]:-1.210776;
c[108]:-1.245001;
c[109]:-1.314118;
c[110]:-1.372886;
c[111]:-1.279971;
c[112]:-1.200513;
c[113]:-1.245081;
c[114]:-1.126596;
c[115]:-0.974446;
c[116]:-1.013668;
c[117]:-1.211427;
c[118]:-1.311365;
c[119]:-1.055748;
c[120]:-1.011968;
c[121]:-1.173113;
c[122]:-0.981493;
c[123]:-0.983262;
c[124]:-0.906089;
c[125]:-0.884044;
c[126]:-0.992070;
c[127]:-0.654763;
c[128]:-0.496939;
c[129]:-0.780527;
c[130]:-0.867539;
c[131]:-0.929070;
c[132]:-0.932277;
c[133]:-0.981595;
c[134]:-1.052721;
c[135]:-1.101781;
c[136]:-0.847211;
c[137]:-1.028962;
c[138]:-1.515753;
c[139]:-1.300928;
c[140]:-0.912084;
c[141]:-0.845905;
c[142]:-1.049708;
c[143]:-1.146545;
c[144]:-1.100623;
c[145]:-0.911014;
c[146]:-0.903197;
c[147]:-1.018253;
c[148]:-0.915334;
c[149]:-0.951785;
c[150]:-0.680165;
c[151]:-0.791157;
c[152]:-1.173867;
c[153]:-1.093882;
c[154]:-0.969866;
c[155]:-0.890825;
c[156]:-0.932097;
c[157]:-0.982218;
c[158]:-0.896074;
c[159]:-1.065688;
c[160]:-1.385607;
c[161]:-1.334393;
c[162]:-1.213436;
c[163]:-1.192253;
c[164]:-1.091692;
c[165]:-0.929359;
c[166]:-1.031284;
c[167]:-0.909268;
c[168]:-0.812094;
c[169]:-0.895459;
c[170]:-0.828861;
c[171]:-1.011592;
c[172]:-1.324821;
c[173]:-1.352881;
c[174]:-1.459338;
c[175]:-1.539785;
c[176]:-1.417505;
c[177]:-1.341722;
c[178]:-1.384058;
c[179]:-1.336444;
c[180]:-1.034921;
c[181]:-1.165833;
c[182]:-1.350781;
c[183]:-1.129073;
c[184]:-1.104515;
c[185]:-1.291344;
c[186]:-1.189703;
c[187]:-0.786062;
c[188]:-0.624412;
c[189]:-0.667713;
c[190]:-0.581646;
c[191]:-0.782260;
c[192]:-0.810613;
c[193]:-0.649938;
c[194]:-0.643635;
c[195]:-0.611593;
c[196]:-0.629086;
c[197]:-0.574930;
c[198]:-0.654088;
c[199]:-0.584652;
c[200]:-0.660760;
c[201]:-0.692757;
c[202]:-0.569833;
c[203]:-0.743335;
c[204]:-0.705583;
c[205]:-0.558482;
c[206]:-0.577146;
c[207]:-0.625891;
c[208]:-0.722279;
c[209]:-0.672750;
c[210]:-0.654440;
c[211]:-0.697012;
c[212]:-0.690221;
c[213]:-0.672778;
c[214]:-0.627943;
c[215]:-0.627219;
c[216]:-0.651843;
c[217]:-0.711562;
c[218]:-0.681870;
c[219]:-0.667175;
c[220]:-0.710858;
c[221]:-0.745465;
c[222]:-0.739152;
c[223]:-0.625058;
c[224]:-0.645061;
c[225]:-0.698444;
c[226]:-0.682957;
c[227]:-0.665003;
c[228]:-0.620010;
c[229]:-0.802971;
c[230]:-1.106877;
c[231]:-0.732424;
c[232]:-0.455364;
c[233]:-0.649053;
c[234]:-0.627454;
c[235]:-0.623622;
c[236]:-0.769520;
c[237]:-0.888955;
c[238]:-0.916371;
c[239]:-1.041989;
c[240]:-1.366055;
c[241]:-1.516197;
c[242]:-1.496422;
c[243]:-1.599073;
c[244]:-1.532425;
c[245]:-1.190102;
c[246]:-0.878886;
c[247]:-1.005349;
c[248]:-1.216915;
c[249]:-1.264459;
c[250]:-1.371181;
c[251]:-1.472376;
c[252]:-1.637222;
c[253]:-1.526772;
c[254]:-1.201109;
c[255]:-1.079334;
c[256]:-1.370212;
c[257]:-1.219518;
c[258]:-1.107159;
c[259]:-1.173042;
c[260]:-0.805387;
c[261]:-0.737916;
c[262]:-0.753058;
c[263]:-0.642959;
c[264]:-0.624327;
c[265]:-0.602767;
c[266]:-0.611254;
c[267]:-0.698436;
c[268]:-0.709904;
c[269]:-0.695278;
c[270]:-0.678814;
c[271]:-0.692909;
c[272]:-0.657271;
c[273]:-0.617418;
c[274]:-0.615514;
c[275]:-0.617640;
c[276]:-0.666051;
c[277]:-0.639309;
c[278]:-0.631217;
c[279]:-0.587063;
c[280]:-0.547849;
c[281]:-0.587595;
c[282]:-0.651752;
c[283]:-0.727509;
c[284]:-0.685119;
c[285]:-0.594884;
c[286]:-0.559887;
c[287]:-0.610129;
c[288]:-0.634894;
c[289]:-0.688093;
c[290]:-0.751930;
c[291]:-0.574632;
c[292]:-0.551425;
c[293]:-0.526804;
c[294]:-0.434950;
c[295]:-0.523780;
c[296]:-0.616125;
c[297]:-0.658644;
c[298]:-0.623211;
c[299]:-0.648433;
c[300]:-0.828255;
c[301]:-0.937387;
c[302]:-0.966949;
c[303]:-0.642852;
c[304]:-0.465723;
c[305]:-0.744422;
c[306]:-1.134774;
c[307]:-1.178671;
c[308]:-0.750184;
c[309]:-0.510677;
c[310]:-0.646091;
c[311]:-1.221288;
c[312]:-1.317048;
c[313]:-1.141915;
c[314]:-1.085100;
c[315]:-1.128554;
c[316]:-1.374851;
c[317]:-1.481928;
c[318]:-1.433050;
c[319]:-1.221617;
c[320]:-1.192081;
c[321]:-0.991787;
c[322]:-0.973281;
c[323]:-1.363847;
c[324]:-1.215978;
c[325]:-0.908654;
c[326]:-0.981897;
c[327]:-1.061346;
c[328]:-0.955845;
c[329]:-0.926794;
c[330]:-1.066797;
c[331]:-0.830086;
c[332]:-0.665952;
c[333]:-0.876913;
c[334]:-0.712265;
c[335]:-0.658796;
c[336]:-0.996371;
c[337]:-1.149221;
c[338]:-1.067166;
c[339]:-0.825489;
c[340]:-0.527170;
c[341]:-0.634322;
c[342]:-1.165201;
c[343]:-1.179870;
c[344]:-0.838452;
c[345]:-0.646759;
c[346]:-0.450936;
c[347]:-0.669264;
c[348]:-0.590666;
c[349]:-0.408526;
c[350]:-0.505421;
c[351]:-0.435658;
c[352]:-0.463967;
c[353]:-0.437016;
c[354]:-0.404088;
c[355]:-0.429833;
c[356]:-0.434823;
c[357]:-0.465144;
c[358]:-0.499209;
c[359]:-0.470099;
c[360]:-0.383082;
c[361]:-0.407515;
c[362]:-0.454823;
c[363]:-0.373671;
c[364]:-0.382160;
c[365]:-0.535345;
c[366]:-0.465694;
c[367]:-0.299582;
c[368]:-0.313364;
c[369]:-0.381575;
c[370]:-0.428513;
c[371]:-0.377432;
c[372]:-0.305351;
c[373]:-0.281939;
c[374]:-0.390144;
c[375]:-0.453627;
c[376]:-0.454866;
c[377]:-0.416000;
c[378]:-0.712175;
c[379]:-0.684252;
c[380]:-0.285364;
c[381]:-0.211617;
c[382]:-0.275411;
c[383]:-0.338188;
c[384]:-0.376011;
c[385]:-0.654335;
c[386]:-0.628596;
c[387]:-0.454802;
c[388]:-0.313774;
c[389]:-0.239906;
c[390]:-0.288483;
c[391]:-0.599741;
c[392]:-0.833050;
c[393]:-0.453734;
c[394]:-0.406018;
c[395]:-1.196595;
c[396]:-1.307613;
c[397]:-0.646209;
c[398]:-0.571831;
c[399]:-0.522246;
c[400]:-0.343729;
c[401]:-0.343904;
c[402]:-0.378392;
c[403]:-0.486859;
c[404]:-0.644574;
c[405]:-0.821169;
c[406]:-1.035470;
c[407]:-1.567438;
c[408]:-1.733928;
c[409]:-1.323777;
c[410]:-1.198488;
c[411]:-1.312179;
c[412]:-1.339139;
c[413]:-0.836293;
c[414]:-0.361063;
c[415]:-0.108558;
c[416]:-0.314908;
c[417]:-0.195687;
c[418]:-0.194953;
c[419]:-0.189370;
c[420]:-0.189866;
c[421]:-0.189884;
c[422]:-0.191201;
c[423]:-0.200280;
c[424]:-0.209122;
c[425]:-0.210394;
c[426]:-0.200215;
c[427]:-0.192063;
c[428]:-0.198448;
c[429]:-0.211501;
c[430]:-0.211098;
c[431]:-0.205782;
c[432]:-0.203824;
c[433]:-0.202929;
c[434]:-0.226101;
c[435]:-0.326303;
c[436]:-0.409261;
c[437]:-0.422342;
c[438]:-0.530608;
c[439]:-0.524083;
c[440]:-0.548702;
c[441]:-0.597661;
c[442]:-0.635990;
c[443]:-0.701947;
c[444]:-0.613711;
c[445]:-0.558970;
c[446]:-0.647043;
c[447]:-0.573168;
c[448]:-0.562678;
c[449]:-0.518343;
c[450]:-0.334191;
c[451]:-0.414201;
c[452]:-0.481315;
c[453]:-0.405454;
c[454]:-0.447778;
c[455]:-0.609710;
c[456]:-0.556422;
c[457]:-0.446855;
c[458]:-0.330343;
c[459]:-0.129014;
c[460]:-0.133417;
c[461]:-0.336248;
c[462]:-0.460951;
c[463]:-0.558630;
c[464]:-0.599704;
c[465]:-0.517025;
c[466]:-0.528505;
c[467]:-0.599822;
c[468]:-0.707087;
c[469]:-0.486137;
c[470]:-0.366345;
c[471]:-0.378824;
c[472]:-0.042920;
c[473]:0.032756;
c[474]:-0.402134;
c[475]:-0.577661;
c[476]:-0.565076;
c[477]:-0.479401;
c[478]:-0.574836;
c[479]:-0.680837;
c[480]:-0.603051;
c[481]:-0.444880;
c[482]:-0.490257;
c[483]:-0.649537;
c[484]:-0.686611;
c[485]:-0.626375;
c[486]:-0.467918;
c[487]:-0.432825;
c[488]:-0.515596;
c[489]:-0.453997;
c[490]:-0.423596;
c[491]:-0.385060;
c[492]:-0.349259;
c[493]:-0.479454;
c[494]:-0.370988;
c[495]:-0.293645;
c[496]:-0.503363;
c[497]:-0.595608;
c[498]:-0.548803;
c[499]:-0.602583;
-----------------------------------------------
Enter batch norm layer...
predicting: layer NO. 1.
predicting: layer NO. 2.
c[0]:7.708795;
c[1]:-0.869299;
c[2]:3.522512;
c[3]:3.764989;
c[4]:3.820194;
c[5]:3.700593;
c[6]:3.839255;
c[7]:3.620495;
c[8]:3.930570;
c[9]:5.173835;
c[10]:3.285230;
c[11]:0.094238;
c[12]:2.651447;
c[13]:6.707208;
c[14]:4.970794;
c[15]:7.335914;
c[16]:3.551772;
c[17]:3.459795;
c[18]:5.152652;
c[19]:3.331176;
c[20]:2.294089;
c[21]:6.381300;
c[22]:5.690500;
c[23]:2.900206;
c[24]:0.589155;
c[25]:4.564970;
c[26]:4.723322;
c[27]:4.964177;
c[28]:4.381616;
c[29]:4.172352;
c[30]:-0.270109;
c[31]:4.992804;
c[32]:0.192863;
c[33]:2.440716;
c[34]:3.326950;
c[35]:2.470851;
c[36]:3.309488;
c[37]:3.352746;
c[38]:6.351290;
c[39]:3.049680;
c[40]:3.052434;
c[41]:3.340154;
c[42]:5.273755;
c[43]:6.825409;
c[44]:6.237818;
c[45]:4.069242;
c[46]:5.259791;
c[47]:1.563561;
c[48]:1.997851;
c[49]:5.619541;
c[50]:7.947074;
c[51]:-0.036034;
c[52]:3.636087;
c[53]:3.466898;
c[54]:3.406978;
c[55]:5.781258;
c[56]:4.355616;
c[57]:4.086747;
c[58]:6.001884;
c[59]:5.799236;
c[60]:2.239607;
c[61]:5.235176;
c[62]:5.567065;
c[63]:7.258626;
c[64]:1.529375;
c[65]:-0.766909;
c[66]:2.592062;
c[67]:1.626162;
c[68]:5.055016;
c[69]:8.120012;
c[70]:1.439019;
c[71]:1.259819;
c[72]:3.215219;
c[73]:3.370578;
c[74]:4.074795;
c[75]:4.551769;
c[76]:5.749479;
c[77]:-0.451471;
c[78]:2.398360;
c[79]:7.750575;
c[80]:7.950912;
c[81]:1.556748;
c[82]:5.773500;
c[83]:4.255615;
c[84]:4.376248;
c[85]:7.489333;
c[86]:9.499186;
c[87]:3.704057;
c[88]:6.562612;
c[89]:5.609230;
c[90]:8.759097;
c[91]:6.512421;
c[92]:2.349241;
c[93]:5.014123;
c[94]:1.571587;
c[95]:1.882503;
c[96]:4.049716;
c[97]:1.530758;
c[98]:4.609509;
c[99]:4.251520;
c[100]:3.328188;
c[101]:3.147029;
c[102]:0.802217;
c[103]:2.286208;
c[104]:2.979554;
c[105]:2.231061;
c[106]:1.710775;
c[107]:3.881291;
c[108]:2.969890;
c[109]:3.198154;
c[110]:3.545079;
c[111]:4.079996;
c[112]:4.167575;
c[113]:3.078859;
c[114]:7.902503;
c[115]:6.117280;
c[116]:-0.072326;
c[117]:-0.746317;
c[118]:3.126369;
c[119]:2.896985;
c[120]:8.485286;
c[121]:4.311092;
c[122]:6.682630;
c[123]:3.561269;
c[124]:6.662733;
c[125]:7.918402;
c[126]:6.405127;
c[127]:4.447188;
c[128]:3.890260;
c[129]:4.597458;
c[130]:3.926422;
c[131]:2.460730;
c[132]:2.146877;
c[133]:2.605696;
c[134]:3.129687;
c[135]:2.278189;
c[136]:2.954864;
c[137]:2.341845;
c[138]:2.971160;
c[139]:2.571238;
c[140]:3.246330;
c[141]:1.016045;
c[142]:2.342223;
c[143]:2.454958;
c[144]:3.735776;
c[145]:2.848222;
c[146]:2.165590;
c[147]:1.379143;
c[148]:1.649304;
c[149]:2.986203;
c[150]:2.799442;
c[151]:4.133233;
c[152]:2.561732;
c[153]:4.370584;
c[154]:-0.325894;
c[155]:6.991408;
c[156]:1.042608;
c[157]:2.238333;
c[158]:5.941697;
c[159]:4.398706;
c[160]:2.818341;
c[161]:3.489213;
c[162]:0.166834;
c[163]:3.546295;
c[164]:4.952354;
c[165]:6.832907;
c[166]:0.294670;
c[167]:3.839158;
c[168]:3.251845;
c[169]:2.589093;
c[170]:5.612092;
c[171]:3.771135;
c[172]:-0.238494;
c[173]:3.551082;
c[174]:3.338216;
c[175]:1.548768;
c[176]:1.743714;
c[177]:1.010870;
c[178]:3.239487;
c[179]:2.828495;
c[180]:2.004218;
c[181]:1.657508;
c[182]:2.206406;
c[183]:1.604987;
c[184]:1.328250;
c[185]:1.427301;
c[186]:1.534717;
c[187]:3.913135;
c[188]:3.903226;
c[189]:3.444598;
c[190]:1.715125;
c[191]:0.213548;
c[192]:3.264399;
c[193]:2.908390;
c[194]:3.092958;
c[195]:5.247035;
c[196]:7.536843;
c[197]:2.606892;
c[198]:3.399951;
c[199]:-2.960855;
c[200]:2.774939;
c[201]:4.610205;
c[202]:7.439718;
c[203]:14.248809;
c[204]:7.893000;
c[205]:2.661050;
c[206]:9.230366;
c[207]:3.155944;
c[208]:4.248236;
c[209]:-8.825761;
c[210]:-2.718644;
c[211]:-2.313245;
c[212]:-2.372815;
c[213]:-2.675246;
c[214]:-2.481331;
c[215]:-2.801081;
c[216]:-3.153810;
c[217]:-5.332629;
c[218]:-6.699255;
c[219]:-11.624369;
c[220]:-9.903105;
c[221]:-7.148067;
c[222]:-11.032435;
c[223]:-10.787815;
c[224]:-11.980581;
c[225]:-11.353595;
c[226]:-8.705757;
c[227]:-9.520750;
c[228]:-12.689308;
c[229]:-7.620004;
c[230]:-11.124763;
c[231]:-11.680834;
c[232]:-9.366419;
c[233]:-7.446601;
c[234]:-11.508826;
c[235]:-9.609256;
c[236]:-10.043694;
c[237]:-10.321048;
c[238]:-13.574333;
c[239]:-8.426972;
c[240]:-10.366281;
c[241]:-8.554126;
c[242]:-8.235861;
c[243]:-10.832017;
c[244]:-8.610711;
c[245]:-8.211482;
c[246]:-8.919251;
c[247]:-14.434372;
c[248]:-11.488945;
c[249]:-8.136740;
c[250]:-6.957585;
c[251]:-7.537918;
c[252]:-6.041499;
c[253]:-9.862175;
c[254]:-12.486512;
c[255]:-14.276799;
c[256]:-12.513345;
c[257]:-9.272194;
c[258]:-10.301078;
c[259]:-18.838497;
c[260]:-14.261488;
c[261]:-10.387239;
c[262]:-13.850307;
c[263]:-11.942038;
c[264]:-14.214037;
c[265]:-11.037270;
c[266]:-10.645104;
c[267]:-10.236541;
c[268]:-11.716445;
c[269]:-10.529587;
c[270]:-11.073199;
c[271]:-7.708820;
c[272]:-10.278391;
c[273]:-13.431888;
c[274]:-9.758994;
c[275]:-10.469865;
c[276]:-7.818427;
c[277]:-8.489722;
c[278]:-14.433035;
c[279]:-14.290545;
c[280]:-11.354691;
c[281]:-9.494699;
c[282]:-10.124310;
c[283]:-13.702468;
c[284]:-9.528201;
c[285]:-12.880240;
c[286]:-14.337533;
c[287]:-9.942209;
c[288]:-10.525719;
c[289]:-16.044516;
c[290]:-11.704579;
c[291]:-10.544974;
c[292]:-12.263811;
c[293]:-7.005630;
c[294]:-7.146652;
c[295]:-14.915790;
c[296]:-13.305922;
c[297]:-15.710567;
c[298]:-8.801785;
c[299]:-10.722144;
c[300]:-14.608897;
c[301]:-11.798146;
c[302]:-10.699061;
c[303]:-10.131671;
c[304]:-6.701045;
c[305]:-7.869329;
c[306]:-6.755067;
c[307]:-9.105928;
c[308]:-8.691404;
c[309]:-5.791227;
c[310]:-7.465179;
c[311]:-4.927330;
c[312]:-5.773865;
c[313]:-6.363600;
c[314]:-6.654013;
c[315]:-4.973171;
c[316]:-6.189519;
c[317]:-5.675584;
c[318]:-6.194602;
c[319]:-6.816284;
c[320]:-6.691326;
c[321]:-7.868815;
c[322]:-7.127137;
c[323]:-8.969531;
c[324]:-10.240138;
c[325]:-8.045809;
c[326]:-5.584856;
c[327]:-9.859478;
c[328]:-6.095227;
c[329]:-14.947793;
c[330]:-15.502951;
c[331]:-13.203500;
c[332]:-7.433011;
c[333]:-11.722767;
c[334]:-16.231714;
c[335]:-14.847561;
c[336]:-9.888704;
c[337]:-10.293604;
c[338]:-6.423604;
c[339]:-6.499020;
c[340]:-5.417682;
c[341]:-5.673746;
c[342]:-6.298005;
c[343]:-7.099848;
c[344]:-6.445998;
c[345]:-6.323889;
c[346]:-5.171395;
c[347]:-5.732812;
c[348]:-6.833162;
c[349]:-8.390526;
c[350]:-7.255754;
c[351]:-6.098719;
c[352]:-6.047738;
c[353]:-5.973438;
c[354]:-6.475029;
c[355]:-6.691685;
c[356]:-8.032518;
c[357]:-7.882521;
c[358]:-10.832259;
c[359]:-8.534022;
c[360]:-9.873510;
c[361]:-9.832280;
c[362]:-10.637475;
c[363]:-8.883195;
c[364]:-11.989580;
c[365]:-11.476830;
c[366]:-12.583743;
c[367]:-13.286482;
c[368]:-13.426257;
c[369]:-13.289297;
c[370]:-10.042072;
c[371]:-9.950186;
c[372]:-8.745286;
c[373]:-8.904454;
c[374]:-17.378302;
c[375]:-5.279377;
c[376]:-11.551497;
c[377]:-9.142244;
c[378]:-4.375797;
c[379]:-8.420733;
c[380]:-12.562868;
c[381]:-8.925905;
c[382]:-6.744019;
c[383]:-7.803636;
c[384]:-6.074186;
c[385]:-4.304640;
c[386]:-2.423175;
c[387]:-5.786885;
c[388]:-8.622024;
c[389]:-7.014709;
c[390]:-4.804006;
c[391]:-5.128464;
c[392]:-5.401813;
c[393]:-4.416347;
c[394]:-4.306677;
c[395]:-3.302285;
c[396]:-8.238224;
c[397]:-8.786303;
c[398]:-6.258612;
c[399]:-5.528682;
c[400]:-4.387329;
c[401]:-7.351289;
c[402]:-4.530477;
c[403]:-2.401649;
c[404]:-5.346058;
c[405]:-18.027109;
c[406]:-8.639834;
c[407]:-9.104215;
c[408]:-2.129599;
c[409]:-1.157139;
c[410]:-9.515922;
c[411]:-9.465938;
c[412]:-15.411254;
c[413]:-14.802688;
c[414]:-6.023819;
c[415]:-7.108887;
c[416]:7.198800;
c[417]:-5.239751;
c[418]:0.939621;
c[419]:1.259282;
c[420]:1.156518;
c[421]:1.135375;
c[422]:1.229092;
c[423]:1.204946;
c[424]:0.756262;
c[425]:-1.129030;
c[426]:0.485493;
c[427]:-6.073279;
c[428]:-3.266473;
c[429]:-2.214913;
c[430]:-1.643412;
c[431]:-3.651452;
c[432]:-4.690298;
c[433]:-2.852709;
c[434]:-1.630613;
c[435]:-1.337841;
c[436]:-4.220949;
c[437]:-1.975493;
c[438]:-6.972822;
c[439]:-3.006027;
c[440]:-4.506924;
c[441]:-5.080946;
c[442]:-6.589242;
c[443]:-7.036644;
c[444]:-5.746160;
c[445]:-2.260783;
c[446]:-5.353122;
c[447]:-3.107708;
c[448]:-2.225158;
c[449]:-4.897666;
c[450]:-1.893651;
c[451]:-3.684294;
c[452]:0.656323;
c[453]:-1.857770;
c[454]:-1.366255;
c[455]:-6.505835;
c[456]:-0.708495;
c[457]:0.864285;
c[458]:-1.986124;
c[459]:-2.027494;
c[460]:-2.071236;
c[461]:-3.939914;
c[462]:-5.654633;
c[463]:-4.185556;
c[464]:-0.831073;
c[465]:-2.579214;
c[466]:-5.566711;
c[467]:-6.964571;
c[468]:-3.128451;
c[469]:1.451746;
c[470]:-7.662228;
c[471]:-3.944223;
c[472]:-1.093176;
c[473]:-2.370337;
c[474]:-4.749212;
c[475]:-5.197757;
c[476]:-4.265753;
c[477]:-2.689749;
c[478]:-1.485474;
c[479]:-2.652204;
c[480]:-9.040478;
c[481]:-7.094141;
c[482]:-2.378223;
c[483]:-7.183361;
c[484]:0.975140;
c[485]:-5.865436;
c[486]:-7.421500;
c[487]:-7.480683;
c[488]:-5.820076;
c[489]:-4.524961;
c[490]:-3.443924;
c[491]:-5.031683;
c[492]:-3.306947;
c[493]:-1.683736;
c[494]:-7.174438;
c[495]:-5.202719;
c[496]:-4.874299;
c[497]:-5.555312;
c[498]:-6.078737;
c[499]:-6.579958;
-----------------------------------------------
Enter batch norm layer...
predicting: layer NO. 3.
predicting: layer NO. 4.
