net.n 16
the 0 layer
b address: 0x77114008
state.workspace address: 0x78a19008
data_col address: 0x77114008
c[0] = -0.524952
c[1] = -0.544604
c[2] = -0.533580
c[3] = -0.517367
c[4] = -0.482659
c[5] = -0.428039
c[6] = -0.553782
c[7] = -0.582206
c[8] = -0.626144
c[9] = -0.666771
c[10] = -0.666271
c[11] = -0.641983
c[12] = -0.592280
c[13] = -0.588034
c[14] = -0.467784
c[15] = -0.572213
c[16] = -0.545321
c[17] = -0.463707
c[18] = -0.516914
c[19] = -0.508413
c[20] = -0.561858
c[21] = -0.546695
c[22] = -0.612526
c[23] = -0.520071
c[24] = -0.632018
c[25] = -0.537609
c[26] = -0.502331
c[27] = -0.553833
c[28] = -0.436169
c[29] = -0.498691
c[30] = -0.458110
c[31] = -0.413999
c[32] = -0.490263
c[33] = -0.487913
c[34] = -0.496725
c[35] = -0.647016
c[36] = -0.674122
c[37] = -0.566679
c[38] = -0.554357
c[39] = -0.666751
c[40] = -0.506656
c[41] = -0.521815
c[42] = -0.531862
c[43] = -0.456539
c[44] = -0.450332
c[45] = -0.452814
c[46] = -0.542634
c[47] = -0.528387
c[48] = -0.550891
c[49] = -0.536405
c[50] = -0.575086
c[51] = -0.576711
c[52] = -0.514235
c[53] = -0.496170
c[54] = -0.456939
c[55] = -0.493426
c[56] = -0.461890
c[57] = -0.467220
c[58] = -0.457052
c[59] = -0.443698
c[60] = -0.464624
c[61] = -0.589042
c[62] = -0.621723
c[63] = -0.503893
c[64] = -0.559322
c[65] = -0.649617
c[66] = -0.600252
c[67] = -0.563919
c[68] = -0.502332
c[69] = -0.505253
c[70] = -0.466468
c[71] = -0.391076
c[72] = -0.430505
c[73] = -0.484923
c[74] = -0.553071
c[75] = -0.493824
c[76] = -0.596558
c[77] = -0.533434
c[78] = -0.610439
c[79] = -0.444441
c[80] = -0.405543
c[81] = -0.475808
c[82] = -0.415525
c[83] = -0.468788
c[84] = -0.457778
c[85] = -0.427568
c[86] = -0.411752
c[87] = -0.553945
c[88] = -0.543511
c[89] = -0.472249
c[90] = -0.573149
c[91] = -0.633641
c[92] = -0.597710
c[93] = -0.564928
c[94] = -0.557958
c[95] = -0.489318
c[96] = -0.438764
c[97] = -0.474157
c[98] = -0.387247
c[99] = -0.447754
c[100] = -0.505788
c[101] = -0.512460
c[102] = -0.458166
c[103] = -0.606875
c[104] = -0.575966
c[105] = -0.465815
c[106] = -0.481132
c[107] = -0.436411
c[108] = -0.510310
c[109] = -0.423365
c[110] = -0.476516
c[111] = -0.470463
c[112] = -0.461415
c[113] = -0.507341
c[114] = -0.468379
c[115] = -0.489275
c[116] = -0.541168
c[117] = -0.605048
c[118] = -0.576519
c[119] = -0.580840
c[120] = -0.570385
c[121] = -0.580250
c[122] = -0.449946
c[123] = -0.425112
c[124] = -0.495158
c[125] = -0.399617
c[126] = -0.452382
c[127] = -0.547321
c[128] = -0.486397
c[129] = -0.494571
c[130] = -0.612374
c[131] = -0.463599
c[132] = -0.489381
c[133] = -0.506762
c[134] = -0.473698
c[135] = -0.508754
c[136] = -0.488003
c[137] = -0.499735
c[138] = -0.512002
c[139] = -0.488241
c[140] = -0.460242
c[141] = -0.510672
c[142] = -0.547054
c[143] = -0.579118
c[144] = -0.606424
c[145] = -0.580150
c[146] = -0.585188
c[147] = -0.613358
c[148] = -0.520903
c[149] = -0.438517
c[150] = -0.520227
c[151] = -0.490137
c[152] = -0.389548
c[153] = -0.509503
c[154] = -0.435868
c[155] = -0.509288
c[156] = -0.524631
c[157] = -0.462983
c[158] = -0.483736
c[159] = -0.564968
c[160] = -0.511190
c[161] = -0.460001
c[162] = -0.546696
c[163] = -0.407847
c[164] = -0.524887
c[165] = -0.533140
c[166] = -0.346676
c[167] = -0.497727
c[168] = -0.570293
c[169] = -0.477003
c[170] = -0.561186
c[171] = -0.584520
c[172] = -0.473943
c[173] = -0.615698
c[174] = -0.615066
c[175] = -0.404322
c[176] = -0.529301
c[177] = -0.512248
c[178] = -0.426484
c[179] = -0.473534
c[180] = -0.389561
c[181] = -0.397546
c[182] = -0.566107
c[183] = -0.432051
c[184] = -0.461765
c[185] = -0.554509
c[186] = -0.546832
c[187] = -0.429639
c[188] = -0.517701
c[189] = -0.420415
c[190] = -0.393453
c[191] = -0.575312
c[192] = -0.403100
c[193] = -0.354208
c[194] = -0.554460
c[195] = -0.472066
c[196] = -0.422751
c[197] = -0.569706
c[198] = -0.395763
c[199] = -0.489660
c[200] = -0.653259
c[201] = -0.403050
c[202] = -0.408295
c[203] = -0.529356
c[204] = -0.360497
c[205] = -0.342234
c[206] = -0.379107
c[207] = -0.261818
c[208] = -0.465034
c[209] = -0.484309
c[210] = -0.325350
c[211] = -0.474147
c[212] = -0.562899
c[213] = -0.365488
c[214] = -0.402862
c[215] = -0.415698
c[216] = -0.337290
c[217] = -0.466556
c[218] = -0.446884
c[219] = -0.291845
c[220] = -0.408936
c[221] = -0.475386
c[222] = -0.329768
c[223] = -0.379173
c[224] = -0.400143
c[225] = -0.417846
c[226] = -0.539135
c[227] = -0.459211
c[228] = -0.400039
c[229] = -0.443699
c[230] = -0.425023
c[231] = -0.224293
c[232] = -0.363297
c[233] = -0.275623
c[234] = -0.324832
c[235] = -0.567321
c[236] = -0.402132
c[237] = -0.316385
c[238] = -0.565639
c[239] = -0.406174
c[240] = -0.294293
c[241] = -0.501764
c[242] = -0.351437
c[243] = -0.387019
c[244] = -0.578238
c[245] = -0.355575
c[246] = -0.317462
c[247] = -0.482884
c[248] = -0.364860
c[249] = -0.168740
c[250] = -0.445484
c[251] = -0.436014
c[252] = -0.342757
c[253] = -0.572161
c[254] = -0.450856
c[255] = -0.229161
c[256] = -0.471053
c[257] = -0.258311
c[258] = -0.131907
c[259] = -0.363430
c[260] = -0.297918
c[261] = -0.316259
c[262] = -0.479131
c[263] = -0.388655
c[264] = -0.211393
c[265] = -0.515465
c[266] = -0.312320
c[267] = -0.268211
c[268] = -0.474895
c[269] = -0.366246
c[270] = -0.385769
c[271] = -0.494923
c[272] = -0.380210
c[273] = -0.229194
c[274] = -0.443278
c[275] = -0.170030
c[276] = -0.384562
c[277] = -0.489978
c[278] = -0.315438
c[279] = -0.658836
c[280] = -0.583024
c[281] = -0.260786
c[282] = -0.588442
c[283] = -0.430859
c[284] = -0.129608
c[285] = -0.446571
c[286] = -0.395312
c[287] = -0.265593
c[288] = -0.519927
c[289] = -0.521075
c[290] = -0.245327
c[291] = -0.497658
c[292] = -0.499804
c[293] = -0.249950
c[294] = -0.546983
c[295] = -0.474511
c[296] = -0.343690
c[297] = -0.539474
c[298] = -0.497771
c[299] = -0.260514
c[300] = -0.492715
c[301] = -0.294447
c[302] = -0.356779
c[303] = -0.524136
c[304] = -0.358425
c[305] = -0.594765
c[306] = -0.680259
c[307] = -0.382189
c[308] = -0.573435
c[309] = -0.716598
c[310] = -0.288042
c[311] = -0.421532
c[312] = -0.482214
c[313] = -0.277920
c[314] = -0.447519
c[315] = -0.550157
c[316] = -0.282580
c[317] = -0.508582
c[318] = -0.629930
c[319] = -0.331012
c[320] = -0.505960
c[321] = -0.574152
c[322] = -0.373787
c[323] = -0.472987
c[324] = -0.567739
c[325] = -0.303738
c[326] = -0.500895
c[327] = -0.586029
c[328] = -0.345244
c[329] = -0.477301
c[330] = -0.549527
c[331] = -0.563077
c[332] = -0.611898
c[333] = -0.717316
c[334] = -0.613805
c[335] = -0.706509
c[336] = -0.607267
c[337] = -0.482697
c[338] = -0.467264
c[339] = -0.512281
c[340] = -0.508073
c[341] = -0.481437
c[342] = -0.542394
c[343] = -0.554489
c[344] = -0.647370
c[345] = -0.525031
c[346] = -0.571406
c[347] = -0.552066
c[348] = -0.650744
c[349] = -0.515237
c[350] = -0.500425
c[351] = -0.597578
c[352] = -0.511141
c[353] = -0.592744
c[354] = -0.471080
c[355] = -0.480366
c[356] = -0.514766
c[357] = -0.451035
c[358] = -0.585642
c[359] = -0.663637
c[360] = -0.641137
c[361] = -0.714968
c[362] = -0.611397
c[363] = -0.632959
c[364] = -0.550331
c[365] = -0.518337
c[366] = -0.439598
c[367] = -0.527076
c[368] = -0.484612
c[369] = -0.516544
c[370] = -0.634569
c[371] = -0.558993
c[372] = -0.596135
c[373] = -0.625323
c[374] = -0.648743
c[375] = -0.556497
c[376] = -0.554357
c[377] = -0.544356
c[378] = -0.544317
c[379] = -0.607174
c[380] = -0.492851
c[381] = -0.501149
c[382] = -0.525399
c[383] = -0.439990
c[384] = -0.420514
c[385] = -0.655123
c[386] = -0.610662
c[387] = -0.591611
c[388] = -0.614218
c[389] = -0.653050
c[390] = -0.651606
c[391] = -0.588821
c[392] = -0.453124
c[393] = -0.438065
c[394] = -0.533174
c[395] = -0.478615
c[396] = -0.487522
c[397] = -0.542144
c[398] = -0.641736
c[399] = -0.623171
c[400] = -0.682995
c[401] = -0.565571
c[402] = -0.559064
c[403] = -0.543705
c[404] = -0.508921
c[405] = -0.521457
c[406] = -0.455526
c[407] = -0.531515
c[408] = -0.504893
c[409] = -0.389473
c[410] = -0.419391
c[411] = -0.456705
c[412] = -0.569781
c[413] = -0.567877
c[414] = -0.563247
c[415] = -0.658828
c[416] = -0.682195
c[417] = -0.506279
c[418] = -0.466329
c[419] = -0.462241
c[420] = -0.403731
c[421] = -0.504186
c[422] = -0.445422
c[423] = -0.467583
c[424] = -0.574560
c[425] = -0.659803
c[426] = -0.504385
c[427] = -0.539420
c[428] = -0.567826
c[429] = -0.526306
c[430] = -0.503594
c[431] = -0.488927
c[432] = -0.426182
c[433] = -0.411689
c[434] = -0.544586
c[435] = -0.344465
c[436] = -0.285406
c[437] = -0.459150
c[438] = -0.420361
c[439] = -0.517087
c[440] = -0.536700
c[441] = -0.567780
c[442] = -0.577118
c[443] = -0.527560
c[444] = -0.522894
c[445] = -0.373197
c[446] = -0.420527
c[447] = -0.420767
c[448] = -0.440412
c[449] = -0.408053
c[450] = -0.461683
c[451] = -0.548965
c[452] = -0.527672
c[453] = -0.510945
c[454] = -0.496745
c[455] = -0.527649
c[456] = -0.515867
c[457] = -0.462946
c[458] = -0.380949
c[459] = -0.376288
c[460] = -0.428872
c[461] = -0.369250
c[462] = -0.376651
c[463] = -0.275709
c[464] = -0.415664
c[465] = -0.480940
c[466] = -0.453710
c[467] = -0.525981
c[468] = -0.551039
c[469] = -0.458214
c[470] = -0.528682
c[471] = -0.511727
c[472] = -0.361305
c[473] = -0.432755
c[474] = -0.408691
c[475] = -0.381652
c[476] = -0.414425
c[477] = -0.457849
c[478] = -0.383778
c[479] = -0.529992
c[480] = -0.463256
c[481] = -0.483156
c[482] = -0.514932
c[483] = -0.514672
c[484] = -0.376602
c[485] = -0.347357
c[486] = -0.448702
c[487] = -0.225210
c[488] = -0.395882
c[489] = -0.369356
c[490] = -0.263545
c[491] = -0.455886
c[492] = -0.476476
c[493] = -0.439914
c[494] = -0.515268
c[495] = -0.586331
c[496] = -0.420125
c[497] = -0.513064
c[498] = -0.483428
c[499] = -0.339452
Predicted in 1.391702 seconds.
data/dog.jpg: Predicted in 5.662051 seconds.
